<?xml version="1.0" encoding="UTF-8"?><testsuite errors="0" failures="0" name="com.bestbuy.testsuite.StoresTest" skipped="0" tests="5" time="12.06" timestamp="2020-05-27T17:59:09.254+01:00[Europe/London]"><testcase classname="com.bestbuy.testsuite.StoresTest" name="This test will provide an error code of 400 when user tries to access an invalid resource"/><testcase classname="com.bestbuy.testsuite.StoresTest" name="This test will get all stores"/><testcase classname="com.bestbuy.testsuite.StoresTest" name="This test will update an existing new product"/><testcase classname="com.bestbuy.testsuite.StoresTest" name="This test will create a new product"/><testcase classname="com.bestbuy.testsuite.StoresTest" name="This test will get a specific product by Id"/></testsuite>